#options: 640x480 fps=24/1 timebase=1/24 bitdepth=8 cabac=1 ref=1 deblock=1:0:0 analyse=0x1:0 me=dia subme=2 psy=1 psy_rd=1.00:0.00 mixed_ref=0 me_range=16 chroma_me=1 trellis=0 8x8dct=0 cqm=0 deadzone=21,11 fast_pskip=1 chroma_qp_offset=0 threads=6 lookahead_threads=2 sliced_threads=0 nr=0 decimate=1 interlaced=0 bluray_compat=0 constrained_intra=0 bframes=3 b_pyramid=2 b_adapt=1 b_bias=0 direct=1 weightb=1 open_gop=0 weightp=2 keyint=250 keyint_min=24 scenecut=40 intra_refresh=0 rc_lookahead=40 rc=crf mbtree=1 crf=24.0 qcomp=0.60 qpmin=0 qpmax=69 qpstep=4 ip_ratio=1.40 aq=1:1.00
in:0 out:0 type:I dur:2 cpbdur:2 q:29.26 aq:10.76 tex:4158 mv:1640 misc:5866 imb:1200 pmb:0 smb:0 d:- ref:;
in:4 out:1 type:P dur:2 cpbdur:2 q:29.26 aq:16.54 tex:3013 mv:817 misc:250 imb:28 pmb:45 smb:1127 d:- ref:0 ;
in:2 out:2 type:B dur:2 cpbdur:2 q:29.26 aq:14.65 tex:543 mv:824 misc:273 imb:9 pmb:40 smb:1151 d:- ref:0 ;
in:1 out:3 type:b dur:2 cpbdur:2 q:29.26 aq:14.00 tex:15 mv:115 misc:230 imb:1 pmb:20 smb:1179 d:- ref:0 ;
in:3 out:4 type:b dur:2 cpbdur:2 q:29.26 aq:24.72 tex:204 mv:522 misc:242 imb:2 pmb:31 smb:1167 d:- ref:0 ;
in:8 out:5 type:P dur:2 cpbdur:2 q:29.26 aq:20.87 tex:3549 mv:799 misc:244 imb:41 pmb:37 smb:1122 d:- ref:0 ;
in:6 out:6 type:B dur:2 cpbdur:2 q:29.26 aq:22.75 tex:793 mv:696 misc:255 imb:4 pmb:47 smb:1149 d:- ref:0 ;
in:5 out:7 type:b dur:2 cpbdur:2 q:29.26 aq:20.79 tex:126 mv:511 misc:235 imb:1 pmb:37 smb:1162 d:- ref:0 ;
in:7 out:8 type:b dur:2 cpbdur:2 q:29.26 aq:16.71 tex:249 mv:343 misc:232 imb:2 pmb:25 smb:1173 d:- ref:0 ;
in:12 out:9 type:P dur:2 cpbdur:2 q:29.26 aq:15.46 tex:2505 mv:752 misc:239 imb:40 pmb:35 smb:1125 d:- ref:0 ;
in:10 out:10 type:B dur:2 cpbdur:2 q:29.26 aq:21.98 tex:649 mv:842 misc:269 imb:1 pmb:55 smb:1144 d:- ref:0 ;
in:9 out:11 type:b dur:2 cpbdur:2 q:29.26 aq:22.52 tex:141 mv:489 misc:226 imb:0 pmb:33 smb:1167 d:- ref:0 ;
in:11 out:12 type:b dur:2 cpbdur:2 q:29.26 aq:22.39 tex:145 mv:331 misc:236 imb:0 pmb:24 smb:1176 d:- ref:0 ;
in:16 out:13 type:P dur:2 cpbdur:2 q:29.26 aq:20.41 tex:2690 mv:733 misc:265 imb:20 pmb:39 smb:1141 d:- ref:0 ;
in:14 out:14 type:B dur:2 cpbdur:2 q:29.26 aq:23.22 tex:390 mv:572 misc:270 imb:1 pmb:38 smb:1161 d:- ref:0 ;
in:13 out:15 type:b dur:2 cpbdur:2 q:29.26 aq:14.00 tex:16 mv:289 misc:207 imb:1 pmb:17 smb:1182 d:- ref:0 ;
in:15 out:16 type:b dur:2 cpbdur:2 q:29.26 aq:23.83 tex:112 mv:308 misc:204 imb:0 pmb:17 smb:1183 d:- ref:0 ;
in:20 out:17 type:P dur:2 cpbdur:2 q:29.26 aq:14.65 tex:2444 mv:721 misc:259 imb:25 pmb:40 smb:1135 d:- ref:0 ;
in:18 out:18 type:B dur:2 cpbdur:2 q:29.26 aq:21.34 tex:130 mv:312 misc:246 imb:1 pmb:17 smb:1182 d:- ref:0 ;
in:17 out:19 type:b dur:2 cpbdur:2 q:29.26 aq:22.61 tex:65 mv:118 misc:193 imb:0 pmb:15 smb:1185 d:- ref:0 ;
in:19 out:20 type:b dur:2 cpbdur:2 q:29.26 aq:24.47 tex:52 mv:113 misc:171 imb:0 pmb:7 smb:1193 d:- ref:0 ;
in:24 out:21 type:P dur:2 cpbdur:2 q:29.26 aq:14.89 tex:2130 mv:563 misc:267 imb:10 pmb:38 smb:1152 d:- ref:0 ;
in:22 out:22 type:B dur:2 cpbdur:2 q:29.26 aq:20.66 tex:55 mv:135 misc:218 imb:0 pmb:9 smb:1191 d:- ref:0 ;
in:21 out:23 type:b dur:2 cpbdur:2 q:29.26 aq:14.00 tex:2 mv:14 misc:152 imb:0 pmb:1 smb:1199 d:- ref:0 ;
in:23 out:24 type:b dur:2 cpbdur:2 q:29.26 aq:14.00 tex:0 mv:0 misc:144 imb:0 pmb:0 smb:1200 d:- ref:0 ;
in:28 out:25 type:P dur:2 cpbdur:2 q:29.26 aq:20.33 tex:2632 mv:598 misc:274 imb:16 pmb:39 smb:1145 d:- ref:0 w:6,61,1 ;
in:26 out:26 type:B dur:2 cpbdur:2 q:29.26 aq:21.61 tex:104 mv:141 misc:203 imb:0 pmb:9 smb:1191 d:- ref:0 ;
in:25 out:27 type:b dur:2 cpbdur:2 q:29.26 aq:14.00 tex:2 mv:12 misc:154 imb:0 pmb:1 smb:1199 d:- ref:0 ;
in:27 out:28 type:b dur:2 cpbdur:2 q:29.26 aq:14.00 tex:2 mv:12 misc:154 imb:0 pmb:1 smb:1199 d:- ref:0 ;
in:32 out:29 type:P dur:2 cpbdur:2 q:29.26 aq:20.17 tex:2458 mv:668 misc:258 imb:13 pmb:43 smb:1144 d:- ref:0 w:4,15,1 ;
in:30 out:30 type:B dur:2 cpbdur:2 q:29.26 aq:21.88 tex:101 mv:216 misc:195 imb:1 pmb:10 smb:1189 d:- ref:0 ;
in:29 out:31 type:b dur:2 cpbdur:2 q:29.26 aq:14.68 tex:104 mv:62 misc:154 imb:1 pmb:3 smb:1196 d:- ref:0 ;
in:31 out:32 type:b dur:2 cpbdur:2 q:29.26 aq:14.00 tex:0 mv:0 misc:144 imb:0 pmb:0 smb:1200 d:- ref:0 ;
in:36 out:33 type:P dur:2 cpbdur:2 q:29.26 aq:12.81 tex:2523 mv:671 misc:254 imb:15 pmb:41 smb:1144 d:- ref:0 w:6,59,1 ;
in:34 out:34 type:B dur:2 cpbdur:2 q:29.26 aq:23.37 tex:167 mv:329 misc:232 imb:1 pmb:21 smb:1178 d:- ref:0 ;
in:33 out:35 type:b dur:2 cpbdur:2 q:29.26 aq:24.05 tex:61 mv:121 misc:170 imb:0 pmb:8 smb:1192 d:- ref:0 ;
in:35 out:36 type:b dur:2 cpbdur:2 q:29.26 aq:14.00 tex:9 mv:133 misc:178 imb:0 pmb:8 smb:1192 d:- ref:0 ;
in:40 out:37 type:P dur:2 cpbdur:2 q:29.26 aq:22.07 tex:1980 mv:588 misc:248 imb:11 pmb:39 smb:1150 d:- ref:0 ;
in:38 out:38 type:B dur:2 cpbdur:2 q:29.26 aq:20.57 tex:75 mv:324 misc:241 imb:1 pmb:19 smb:1180 d:- ref:0 ;
in:37 out:39 type:b dur:2 cpbdur:2 q:29.26 aq:14.00 tex:12 mv:199 misc:189 imb:0 pmb:13 smb:1187 d:- ref:0 ;
in:39 out:40 type:b dur:2 cpbdur:2 q:29.26 aq:14.00 tex:17 mv:230 misc:193 imb:1 pmb:15 smb:1184 d:- ref:0 ;
in:44 out:41 type:P dur:2 cpbdur:2 q:29.26 aq:11.04 tex:2258 mv:643 misc:251 imb:15 pmb:39 smb:1146 d:- ref:0 ;
in:42 out:42 type:B dur:2 cpbdur:2 q:29.26 aq:14.27 tex:344 mv:523 misc:245 imb:2 pmb:29 smb:1169 d:- ref:0 ;
in:41 out:43 type:b dur:2 cpbdur:2 q:29.26 aq:14.00 tex:21 mv:259 misc:200 imb:3 pmb:15 smb:1182 d:- ref:0 ;
in:43 out:44 type:b dur:2 cpbdur:2 q:29.26 aq:24.86 tex:128 mv:261 misc:203 imb:0 pmb:21 smb:1179 d:- ref:0 ;
in:48 out:45 type:P dur:2 cpbdur:2 q:29.26 aq:20.20 tex:1811 mv:601 misc:252 imb:10 pmb:37 smb:1153 d:- ref:0 ;
in:46 out:46 type:B dur:2 cpbdur:2 q:29.26 aq:23.78 tex:250 mv:485 misc:241 imb:0 pmb:25 smb:1175 d:- ref:0 ;
in:45 out:47 type:b dur:2 cpbdur:2 q:29.26 aq:14.09 tex:73 mv:267 misc:204 imb:1 pmb:16 smb:1183 d:- ref:0 ;
in:47 out:48 type:b dur:2 cpbdur:2 q:29.26 aq:24.80 tex:107 mv:253 misc:208 imb:0 pmb:18 smb:1182 d:- ref:0 ;
in:52 out:49 type:P dur:2 cpbdur:2 q:29.26 aq:11.30 tex:2204 mv:557 misc:247 imb:16 pmb:31 smb:1153 d:- ref:0 ;
in:50 out:50 type:B dur:2 cpbdur:2 q:29.26 aq:15.46 tex:272 mv:525 misc:243 imb:2 pmb:31 smb:1167 d:- ref:0 ;
in:49 out:51 type:b dur:2 cpbdur:2 q:29.26 aq:23.85 tex:63 mv:353 misc:200 imb:0 pmb:20 smb:1180 d:- ref:0 ;
in:51 out:52 type:b dur:2 cpbdur:2 q:29.26 aq:14.00 tex:21 mv:289 misc:218 imb:1 pmb:21 smb:1178 d:- ref:0 ;
in:56 out:53 type:P dur:2 cpbdur:2 q:29.26 aq:20.75 tex:2108 mv:661 misc:239 imb:13 pmb:37 smb:1150 d:- ref:0 ;
in:54 out:54 type:B dur:2 cpbdur:2 q:29.26 aq:23.01 tex:327 mv:594 misc:239 imb:2 pmb:25 smb:1173 d:- ref:0 ;
in:53 out:55 type:b dur:2 cpbdur:2 q:29.26 aq:21.91 tex:104 mv:397 misc:211 imb:0 pmb:20 smb:1180 d:- ref:0 ;
in:55 out:56 type:b dur:2 cpbdur:2 q:29.26 aq:25.05 tex:131 mv:361 misc:212 imb:1 pmb:22 smb:1177 d:- ref:0 ;
in:60 out:57 type:P dur:2 cpbdur:2 q:29.26 aq:12.54 tex:2137 mv:639 misc:256 imb:17 pmb:34 smb:1149 d:- ref:0 ;
in:58 out:58 type:B dur:2 cpbdur:2 q:29.26 aq:22.70 tex:153 mv:613 misc:250 imb:1 pmb:34 smb:1165 d:- ref:0 ;
in:57 out:59 type:b dur:2 cpbdur:2 q:29.26 aq:16.58 tex:114 mv:399 misc:207 imb:2 pmb:23 smb:1175 d:- ref:0 ;
in:59 out:60 type:b dur:2 cpbdur:2 q:29.26 aq:14.57 tex:127 mv:363 misc:222 imb:1 pmb:22 smb:1177 d:- ref:0 ;
in:64 out:61 type:P dur:2 cpbdur:2 q:29.26 aq:11.84 tex:2240 mv:578 misc:246 imb:21 pmb:31 smb:1148 d:- ref:0 ;
in:62 out:62 type:B dur:2 cpbdur:2 q:29.26 aq:21.29 tex:149 mv:582 misc:229 imb:1 pmb:26 smb:1173 d:- ref:0 ;
in:61 out:63 type:b dur:2 cpbdur:2 q:29.26 aq:24.92 tex:85 mv:321 misc:218 imb:0 pmb:20 smb:1180 d:- ref:0 ;
in:63 out:64 type:b dur:2 cpbdur:2 q:29.26 aq:14.97 tex:78 mv:366 misc:204 imb:1 pmb:24 smb:1175 d:- ref:0 ;
in:68 out:65 type:P dur:2 cpbdur:2 q:29.26 aq:20.93 tex:1802 mv:630 misc:248 imb:11 pmb:37 smb:1152 d:- ref:0 ;
in:66 out:66 type:B dur:2 cpbdur:2 q:29.26 aq:21.84 tex:326 mv:396 misc:254 imb:0 pmb:26 smb:1174 d:- ref:0 ;
in:65 out:67 type:b dur:2 cpbdur:2 q:29.26 aq:14.00 tex:17 mv:262 misc:209 imb:1 pmb:20 smb:1179 d:- ref:0 ;
in:67 out:68 type:b dur:2 cpbdur:2 q:29.26 aq:19.54 tex:64 mv:259 misc:213 imb:0 pmb:15 smb:1185 d:- ref:0 ;
in:72 out:69 type:P dur:2 cpbdur:2 q:29.26 aq:19.58 tex:2182 mv:638 misc:228 imb:18 pmb:36 smb:1146 d:- ref:0 ;
in:70 out:70 type:B dur:2 cpbdur:2 q:29.26 aq:14.85 tex:297 mv:557 misc:234 imb:1 pmb:26 smb:1173 d:- ref:0 ;
in:69 out:71 type:b dur:2 cpbdur:2 q:29.26 aq:14.00 tex:12 mv:319 misc:229 imb:0 pmb:21 smb:1179 d:- ref:0 ;
in:71 out:72 type:b dur:2 cpbdur:2 q:29.26 aq:14.00 tex:14 mv:321 misc:209 imb:0 pmb:21 smb:1179 d:- ref:0 ;
in:76 out:73 type:P dur:2 cpbdur:2 q:29.26 aq:18.85 tex:1660 mv:607 misc:261 imb:6 pmb:38 smb:1156 d:- ref:0 ;
in:74 out:74 type:B dur:2 cpbdur:2 q:29.26 aq:23.08 tex:181 mv:452 misc:255 imb:0 pmb:28 smb:1172 d:- ref:0 ;
in:73 out:75 type:b dur:2 cpbdur:2 q:29.26 aq:23.91 tex:91 mv:255 misc:206 imb:0 pmb:19 smb:1181 d:- ref:0 ;
in:75 out:76 type:b dur:2 cpbdur:2 q:29.26 aq:14.00 tex:13 mv:202 misc:201 imb:0 pmb:14 smb:1186 d:- ref:0 ;
in:80 out:77 type:P dur:2 cpbdur:2 q:29.26 aq:20.69 tex:1902 mv:672 misc:234 imb:9 pmb:45 smb:1146 d:- ref:0 ;
in:78 out:78 type:B dur:2 cpbdur:2 q:29.26 aq:14.78 tex:277 mv:496 misc:235 imb:3 pmb:27 smb:1170 d:- ref:0 ;
in:77 out:79 type:b dur:2 cpbdur:2 q:29.26 aq:23.68 tex:91 mv:288 misc:205 imb:0 pmb:18 smb:1182 d:- ref:0 ;
in:79 out:80 type:b dur:2 cpbdur:2 q:29.26 aq:17.59 tex:76 mv:200 misc:180 imb:2 pmb:15 smb:1183 d:- ref:0 ;
in:84 out:81 type:P dur:2 cpbdur:2 q:29.26 aq:19.51 tex:1702 mv:633 misc:257 imb:7 pmb:45 smb:1148 d:- ref:0 ;
in:82 out:82 type:B dur:2 cpbdur:2 q:29.26 aq:23.12 tex:222 mv:369 misc:241 imb:0 pmb:25 smb:1175 d:- ref:0 ;
in:81 out:83 type:b dur:2 cpbdur:2 q:29.26 aq:14.00 tex:20 mv:212 misc:192 imb:2 pmb:13 smb:1185 d:- ref:0 ;
in:83 out:84 type:b dur:2 cpbdur:2 q:29.26 aq:14.00 tex:11 mv:129 misc:188 imb:0 pmb:12 smb:1188 d:- ref:0 ;
in:88 out:85 type:P dur:2 cpbdur:2 q:29.26 aq:21.03 tex:1700 mv:574 misc:246 imb:4 pmb:44 smb:1152 d:- ref:0 ;
in:86 out:86 type:B dur:2 cpbdur:2 q:29.26 aq:22.78 tex:68 mv:330 misc:226 imb:1 pmb:17 smb:1182 d:- ref:0 ;
in:85 out:87 type:b dur:2 cpbdur:2 q:29.26 aq:24.27 tex:61 mv:161 misc:194 imb:0 pmb:11 smb:1189 d:- ref:0 ;
in:87 out:88 type:b dur:2 cpbdur:2 q:29.26 aq:14.00 tex:7 mv:97 misc:160 imb:0 pmb:5 smb:1195 d:- ref:0 ;
in:92 out:89 type:P dur:2 cpbdur:2 q:29.26 aq:21.43 tex:1933 mv:570 misc:241 imb:2 pmb:49 smb:1149 d:- ref:0 ;
in:90 out:90 type:B dur:2 cpbdur:2 q:29.26 aq:22.38 tex:155 mv:180 misc:209 imb:0 pmb:13 smb:1187 d:- ref:0 ;
in:89 out:91 type:b dur:2 cpbdur:2 q:29.26 aq:14.00 tex:9 mv:90 misc:165 imb:0 pmb:8 smb:1192 d:- ref:0 ;
in:91 out:92 type:b dur:2 cpbdur:2 q:29.26 aq:14.00 tex:0 mv:0 misc:144 imb:0 pmb:0 smb:1200 d:- ref:0 ;
in:96 out:93 type:P dur:2 cpbdur:2 q:29.26 aq:21.53 tex:2442 mv:595 misc:251 imb:10 pmb:44 smb:1146 d:- ref:0 ;
in:94 out:94 type:B dur:2 cpbdur:2 q:29.26 aq:23.46 tex:400 mv:250 misc:230 imb:1 pmb:18 smb:1181 d:- ref:0 ;
in:93 out:95 type:b dur:2 cpbdur:2 q:29.26 aq:23.93 tex:61 mv:3 misc:152 imb:0 pmb:1 smb:1199 d:- ref:0 ;
in:95 out:96 type:b dur:2 cpbdur:2 q:29.26 aq:14.00 tex:0 mv:0 misc:144 imb:0 pmb:0 smb:1200 d:- ref:0 ;
in:100 out:97 type:P dur:2 cpbdur:2 q:29.26 aq:22.53 tex:2118 mv:553 misc:249 imb:14 pmb:40 smb:1146 d:- ref:0 ;
in:98 out:98 type:B dur:2 cpbdur:2 q:29.26 aq:22.94 tex:270 mv:263 misc:235 imb:0 pmb:20 smb:1180 d:- ref:0 ;
in:97 out:99 type:b dur:2 cpbdur:2 q:29.26 aq:14.00 tex:0 mv:0 misc:144 imb:0 pmb:0 smb:1200 d:- ref:0 ;
in:99 out:100 type:b dur:2 cpbdur:2 q:29.26 aq:14.00 tex:0 mv:0 misc:144 imb:0 pmb:0 smb:1200 d:- ref:0 ;
in:104 out:101 type:P dur:2 cpbdur:2 q:29.26 aq:22.96 tex:2834 mv:529 misc:261 imb:23 pmb:29 smb:1148 d:- ref:0 ;
in:102 out:102 type:B dur:2 cpbdur:2 q:29.26 aq:22.44 tex:275 mv:449 misc:260 imb:1 pmb:26 smb:1173 d:- ref:0 ;
in:101 out:103 type:b dur:2 cpbdur:2 q:29.26 aq:23.67 tex:52 mv:33 misc:163 imb:0 pmb:3 smb:1197 d:- ref:0 ;
in:103 out:104 type:b dur:2 cpbdur:2 q:29.26 aq:23.36 tex:60 mv:202 misc:194 imb:0 pmb:14 smb:1186 d:- ref:0 ;
in:108 out:105 type:P dur:2 cpbdur:2 q:29.26 aq:23.91 tex:3292 mv:738 misc:266 imb:32 pmb:35 smb:1133 d:- ref:0 w:7,117,1 ;
in:106 out:106 type:B dur:2 cpbdur:2 q:29.26 aq:23.58 tex:450 mv:696 misc:238 imb:2 pmb:39 smb:1159 d:- ref:0 ;
in:105 out:107 type:b dur:2 cpbdur:2 q:29.26 aq:21.83 tex:63 mv:71 misc:162 imb:0 pmb:4 smb:1196 d:- ref:0 ;
in:107 out:108 type:b dur:2 cpbdur:2 q:29.26 aq:21.40 tex:179 mv:331 misc:210 imb:1 pmb:24 smb:1175 d:- ref:0 ;
in:112 out:109 type:P dur:2 cpbdur:2 q:29.26 aq:24.26 tex:3501 mv:679 misc:228 imb:44 pmb:25 smb:1131 d:- ref:0 ;
in:110 out:110 type:B dur:2 cpbdur:2 q:29.26 aq:23.13 tex:644 mv:900 misc:232 imb:5 pmb:53 smb:1142 d:- ref:0 ;
in:109 out:111 type:b dur:2 cpbdur:2 q:29.26 aq:17.06 tex:95 mv:419 misc:222 imb:2 pmb:22 smb:1176 d:- ref:0 ;
in:111 out:112 type:b dur:2 cpbdur:2 q:29.26 aq:22.89 tex:220 mv:433 misc:227 imb:1 pmb:29 smb:1170 d:- ref:0 ;
in:115 out:113 type:P dur:2 cpbdur:2 q:29.26 aq:17.15 tex:2884 mv:657 misc:243 imb:44 pmb:31 smb:1125 d:- ref:0 ;
in:113 out:114 type:B dur:2 cpbdur:2 q:29.26 aq:17.68 tex:605 mv:650 misc:265 imb:4 pmb:34 smb:1162 d:- ref:0 ;
in:114 out:115 type:b dur:2 cpbdur:2 q:29.26 aq:24.43 tex:125 mv:483 misc:264 imb:0 pmb:34 smb:1166 d:- ref:0 ;
in:116 out:116 type:P dur:2 cpbdur:2 q:29.26 aq:21.88 tex:2002 mv:655 misc:247 imb:21 pmb:46 smb:1133 d:- ref:0 ;
in:120 out:117 type:P dur:2 cpbdur:2 q:29.26 aq:15.70 tex:1688 mv:730 misc:278 imb:25 pmb:43 smb:1132 d:- ref:0 ;
in:118 out:118 type:B dur:2 cpbdur:2 q:29.26 aq:24.10 tex:488 mv:488 misc:280 imb:3 pmb:38 smb:1159 d:- ref:0 ;
in:117 out:119 type:b dur:2 cpbdur:2 q:29.26 aq:17.75 tex:287 mv:522 misc:263 imb:6 pmb:33 smb:1161 d:- ref:0 ;
in:119 out:120 type:b dur:2 cpbdur:2 q:29.26 aq:23.37 tex:168 mv:424 misc:240 imb:2 pmb:35 smb:1163 d:- ref:0 ;
in:121 out:121 type:I dur:2 cpbdur:2 q:26.35 aq:6.80 tex:4675 mv:1666 misc:387 imb:1200 pmb:0 smb:0 d:- ref:;
in:125 out:122 type:P dur:2 cpbdur:2 q:29.26 aq:19.17 tex:1673 mv:676 misc:259 imb:21 pmb:39 smb:1140 d:- ref:0 ;
in:123 out:123 type:B dur:2 cpbdur:2 q:29.26 aq:22.81 tex:121 mv:608 misc:231 imb:0 pmb:46 smb:1154 d:- ref:0 ;
in:122 out:124 type:b dur:2 cpbdur:2 q:29.26 aq:14.00 tex:24 mv:421 misc:251 imb:1 pmb:34 smb:1165 d:- ref:0 ;
in:124 out:125 type:b dur:2 cpbdur:2 q:29.26 aq:14.00 tex:19 mv:422 misc:231 imb:1 pmb:34 smb:1165 d:- ref:0 ;
in:129 out:126 type:P dur:2 cpbdur:2 q:29.26 aq:19.73 tex:1859 mv:756 misc:241 imb:25 pmb:41 smb:1134 d:- ref:0 ;
in:127 out:127 type:B dur:2 cpbdur:2 q:29.26 aq:18.50 tex:183 mv:578 misc:263 imb:1 pmb:43 smb:1156 d:- ref:0 ;
in:126 out:128 type:b dur:2 cpbdur:2 q:29.26 aq:14.00 tex:16 mv:368 misc:240 imb:0 pmb:30 smb:1170 d:- ref:0 ;
in:128 out:129 type:b dur:2 cpbdur:2 q:29.26 aq:24.03 tex:101 mv:409 misc:234 imb:0 pmb:29 smb:1171 d:- ref:0 ;
in:133 out:130 type:P dur:2 cpbdur:2 q:29.26 aq:15.37 tex:1644 mv:679 misc:253 imb:25 pmb:35 smb:1140 d:- ref:0 ;
in:131 out:131 type:B dur:2 cpbdur:2 q:29.26 aq:15.85 tex:248 mv:519 misc:257 imb:1 pmb:41 smb:1158 d:- ref:0 ;
in:130 out:132 type:b dur:2 cpbdur:2 q:29.26 aq:22.22 tex:85 mv:392 misc:259 imb:0 pmb:32 smb:1168 d:- ref:0 ;
in:132 out:133 type:b dur:2 cpbdur:2 q:29.26 aq:14.00 tex:22 mv:374 misc:228 imb:1 pmb:29 smb:1170 d:- ref:0 ;
in:137 out:134 type:P dur:2 cpbdur:2 q:29.26 aq:14.95 tex:1833 mv:683 misc:268 imb:15 pmb:41 smb:1144 d:- ref:0 ;
in:135 out:135 type:B dur:2 cpbdur:2 q:29.26 aq:21.99 tex:178 mv:652 misc:258 imb:1 pmb:48 smb:1151 d:- ref:0 ;
in:134 out:136 type:b dur:2 cpbdur:2 q:29.26 aq:14.00 tex:16 mv:429 misc:251 imb:0 pmb:33 smb:1167 d:- ref:0 ;
in:136 out:137 type:b dur:2 cpbdur:2 q:29.26 aq:14.00 tex:18 mv:444 misc:250 imb:0 pmb:32 smb:1168 d:- ref:0 ;
in:141 out:138 type:P dur:2 cpbdur:2 q:29.26 aq:15.44 tex:1771 mv:743 misc:262 imb:21 pmb:41 smb:1138 d:- ref:0 ;
in:139 out:139 type:B dur:2 cpbdur:2 q:29.26 aq:21.83 tex:238 mv:653 misc:261 imb:3 pmb:38 smb:1159 d:- ref:0 ;
in:138 out:140 type:b dur:2 cpbdur:2 q:29.26 aq:20.28 tex:221 mv:395 misc:248 imb:0 pmb:33 smb:1167 d:- ref:0 ;
in:140 out:141 type:b dur:2 cpbdur:2 q:29.26 aq:14.00 tex:13 mv:367 misc:236 imb:0 pmb:28 smb:1172 d:- ref:0 ;
in:145 out:142 type:P dur:2 cpbdur:2 q:29.26 aq:19.10 tex:1555 mv:704 misc:277 imb:19 pmb:40 smb:1141 d:- ref:0 ;
in:143 out:143 type:B dur:2 cpbdur:2 q:29.26 aq:21.10 tex:225 mv:554 misc:261 imb:1 pmb:43 smb:1156 d:- ref:0 ;
in:142 out:144 type:b dur:2 cpbdur:2 q:29.26 aq:18.45 tex:67 mv:433 misc:252 imb:0 pmb:34 smb:1166 d:- ref:0 ;
in:144 out:145 type:b dur:2 cpbdur:2 q:29.26 aq:24.62 tex:96 mv:415 misc:241 imb:0 pmb:35 smb:1165 d:- ref:0 ;
in:148 out:146 type:P dur:2 cpbdur:2 q:29.26 aq:17.85 tex:1376 mv:641 misc:271 imb:15 pmb:41 smb:1144 d:- ref:0 ;
in:146 out:147 type:B dur:2 cpbdur:2 q:29.26 aq:21.91 tex:72 mv:521 misc:263 imb:0 pmb:39 smb:1161 d:- ref:0 ;
in:147 out:148 type:b dur:2 cpbdur:2 q:29.26 aq:14.00 tex:16 mv:369 misc:223 imb:0 pmb:29 smb:1171 d:- ref:0 ;
in:151 out:149 type:P dur:2 cpbdur:2 q:29.26 aq:15.84 tex:1566 mv:619 misc:287 imb:15 pmb:37 smb:1148 d:- ref:0 ;
in:149 out:150 type:B dur:2 cpbdur:2 q:29.26 aq:24.32 tex:64 mv:419 misc:245 imb:0 pmb:34 smb:1166 d:- ref:0 ;
in:150 out:151 type:b dur:2 cpbdur:2 q:29.26 aq:23.47 tex:140 mv:383 misc:237 imb:0 pmb:33 smb:1167 d:- ref:0 ;
in:155 out:152 type:P dur:2 cpbdur:2 q:29.26 aq:22.01 tex:1764 mv:701 misc:239 imb:24 pmb:41 smb:1135 d:- ref:0 ;
in:153 out:153 type:B dur:2 cpbdur:2 q:29.26 aq:16.82 tex:292 mv:592 misc:252 imb:1 pmb:45 smb:1154 d:- ref:0 ;
in:152 out:154 type:b dur:2 cpbdur:2 q:29.26 aq:19.81 tex:63 mv:441 misc:224 imb:0 pmb:34 smb:1166 d:- ref:0 ;
in:154 out:155 type:b dur:2 cpbdur:2 q:29.26 aq:21.35 tex:69 mv:297 misc:210 imb:0 pmb:27 smb:1173 d:- ref:0 ;
in:158 out:156 type:P dur:2 cpbdur:2 q:29.26 aq:16.61 tex:1065 mv:519 misc:240 imb:15 pmb:36 smb:1149 d:- ref:0 ;
in:156 out:157 type:B dur:2 cpbdur:2 q:29.26 aq:20.74 tex:241 mv:466 misc:245 imb:0 pmb:36 smb:1164 d:- ref:0 ;
in:157 out:158 type:b dur:2 cpbdur:2 q:29.26 aq:19.94 tex:129 mv:321 misc:230 imb:0 pmb:30 smb:1170 d:- ref:0 ;
in:160 out:159 type:P dur:2 cpbdur:2 q:29.26 aq:15.03 tex:740 mv:418 misc:250 imb:10 pmb:32 smb:1158 d:- ref:0 ;
in:159 out:160 type:b dur:2 cpbdur:2 q:29.26 aq:20.96 tex:87 mv:330 misc:215 imb:0 pmb:24 smb:1176 d:- ref:0 ;
in:164 out:161 type:P dur:2 cpbdur:2 q:29.26 aq:19.67 tex:945 mv:454 misc:233 imb:15 pmb:25 smb:1160 d:- ref:0 ;
in:162 out:162 type:B dur:2 cpbdur:2 q:29.26 aq:19.26 tex:161 mv:422 misc:233 imb:2 pmb:32 smb:1166 d:- ref:0 ;
in:161 out:163 type:b dur:2 cpbdur:2 q:29.26 aq:22.07 tex:119 mv:298 misc:207 imb:0 pmb:22 smb:1178 d:- ref:0 ;
in:163 out:164 type:b dur:2 cpbdur:2 q:29.26 aq:22.44 tex:120 mv:263 misc:201 imb:0 pmb:23 smb:1177 d:- ref:0 ;
in:167 out:165 type:P dur:2 cpbdur:2 q:29.26 aq:18.00 tex:480 mv:273 misc:231 imb:11 pmb:17 smb:1172 d:- ref:0 ;
in:165 out:166 type:B dur:2 cpbdur:2 q:29.26 aq:21.49 tex:98 mv:291 misc:211 imb:0 pmb:23 smb:1177 d:- ref:0 ;
in:166 out:167 type:b dur:2 cpbdur:2 q:29.26 aq:23.01 tex:55 mv:240 misc:185 imb:0 pmb:18 smb:1182 d:- ref:0 ;
