#options: 640x480 fps=24/1 timebase=1/24 bitdepth=8 cabac=1 ref=1 deblock=1:0:0 analyse=0x1:0 me=dia subme=2 psy=1 psy_rd=1.00:0.00 mixed_ref=0 me_range=16 chroma_me=1 trellis=0 8x8dct=0 cqm=0 deadzone=21,11 fast_pskip=1 chroma_qp_offset=0 threads=6 lookahead_threads=2 sliced_threads=0 nr=0 decimate=1 interlaced=0 bluray_compat=0 constrained_intra=0 bframes=3 b_pyramid=2 b_adapt=1 b_bias=0 direct=1 weightb=1 open_gop=0 weightp=2 keyint=250 keyint_min=24 scenecut=40 intra_refresh=0 rc_lookahead=40 rc=crf mbtree=1 crf=24.0 qcomp=0.60 qpmin=0 qpmax=69 qpstep=4 ip_ratio=1.40 aq=1:1.00
in:0 out:0 type:I dur:2 cpbdur:2 q:29.26 aq:10.76 tex:4158 mv:1640 misc:5866 imb:1200 pmb:0 smb:0 d:- ref:;
in:4 out:1 type:P dur:2 cpbdur:2 q:29.26 aq:16.56 tex:3077 mv:893 misc:254 imb:20 pmb:53 smb:1127 d:- ref:0 ;
in:2 out:2 type:B dur:2 cpbdur:2 q:29.26 aq:14.67 tex:533 mv:787 misc:248 imb:8 pmb:39 smb:1153 d:- ref:0 ;
in:1 out:3 type:b dur:2 cpbdur:2 q:29.26 aq:14.00 tex:15 mv:115 misc:230 imb:1 pmb:20 smb:1179 d:- ref:0 ;
in:3 out:4 type:b dur:2 cpbdur:2 q:29.26 aq:24.86 tex:172 mv:543 misc:221 imb:2 pmb:32 smb:1166 d:- ref:0 ;
in:8 out:5 type:P dur:2 cpbdur:2 q:29.26 aq:15.97 tex:3560 mv:933 misc:251 imb:30 pmb:49 smb:1121 d:- ref:0 ;
in:6 out:6 type:B dur:2 cpbdur:2 q:29.26 aq:22.74 tex:827 mv:744 misc:253 imb:5 pmb:46 smb:1149 d:- ref:0 ;
in:5 out:7 type:b dur:2 cpbdur:2 q:29.26 aq:20.37 tex:123 mv:484 misc:233 imb:2 pmb:32 smb:1166 d:- ref:0 ;
in:7 out:8 type:b dur:2 cpbdur:2 q:29.26 aq:16.71 tex:250 mv:383 misc:239 imb:2 pmb:26 smb:1172 d:- ref:0 ;
in:12 out:9 type:P dur:2 cpbdur:2 q:29.26 aq:15.51 tex:2520 mv:876 misc:252 imb:22 pmb:54 smb:1124 d:- ref:0 ;
in:10 out:10 type:B dur:2 cpbdur:2 q:29.26 aq:21.99 tex:744 mv:924 misc:260 imb:2 pmb:58 smb:1140 d:- ref:0 ;
in:9 out:11 type:b dur:2 cpbdur:2 q:29.26 aq:22.73 tex:154 mv:548 misc:234 imb:0 pmb:33 smb:1167 d:- ref:0 ;
in:11 out:12 type:b dur:2 cpbdur:2 q:29.26 aq:22.39 tex:133 mv:305 misc:218 imb:1 pmb:21 smb:1178 d:- ref:0 ;
in:16 out:13 type:P dur:2 cpbdur:2 q:29.26 aq:14.74 tex:2924 mv:794 misc:234 imb:16 pmb:48 smb:1136 d:- ref:0 ;
in:14 out:14 type:B dur:2 cpbdur:2 q:29.26 aq:23.66 tex:300 mv:663 misc:253 imb:0 pmb:38 smb:1162 d:- ref:0 ;
in:13 out:15 type:b dur:2 cpbdur:2 q:29.26 aq:17.01 tex:105 mv:294 misc:225 imb:1 pmb:18 smb:1181 d:- ref:0 ;
in:15 out:16 type:b dur:2 cpbdur:2 q:29.26 aq:23.83 tex:136 mv:296 misc:208 imb:0 pmb:18 smb:1182 d:- ref:0 ;
in:20 out:17 type:P dur:2 cpbdur:2 q:29.26 aq:14.18 tex:2393 mv:746 misc:253 imb:15 pmb:46 smb:1139 d:- ref:0 ;
in:18 out:18 type:B dur:2 cpbdur:2 q:29.26 aq:22.33 tex:309 mv:293 misc:230 imb:2 pmb:23 smb:1175 d:- ref:0 ;
in:17 out:19 type:b dur:2 cpbdur:2 q:29.26 aq:22.61 tex:65 mv:119 misc:184 imb:0 pmb:15 smb:1185 d:- ref:0 ;
in:19 out:20 type:b dur:2 cpbdur:2 q:29.26 aq:21.02 tex:106 mv:141 misc:177 imb:1 pmb:7 smb:1192 d:- ref:0 ;
in:24 out:21 type:P dur:2 cpbdur:2 q:29.26 aq:21.32 tex:2247 mv:652 misc:245 imb:3 pmb:52 smb:1145 d:- ref:0 ;
in:22 out:22 type:B dur:2 cpbdur:2 q:29.26 aq:13.00 tex:9 mv:124 misc:211 imb:0 pmb:6 smb:1194 d:- ref:0 ;
in:21 out:23 type:b dur:2 cpbdur:2 q:29.26 aq:14.00 tex:2 mv:14 misc:152 imb:0 pmb:1 smb:1199 d:- ref:0 ;
in:23 out:24 type:b dur:2 cpbdur:2 q:29.26 aq:14.00 tex:0 mv:0 misc:144 imb:0 pmb:0 smb:1200 d:- ref:0 ;
in:28 out:25 type:P dur:2 cpbdur:2 q:29.26 aq:21.16 tex:2619 mv:671 misc:262 imb:10 pmb:48 smb:1142 d:- ref:0 w:6,61,1 ;
in:26 out:26 type:B dur:2 cpbdur:2 q:29.26 aq:21.45 tex:67 mv:115 misc:202 imb:0 pmb:7 smb:1193 d:- ref:0 ;
in:25 out:27 type:b dur:2 cpbdur:2 q:29.26 aq:14.00 tex:2 mv:12 misc:154 imb:0 pmb:1 smb:1199 d:- ref:0 ;
in:27 out:28 type:b dur:2 cpbdur:2 q:29.26 aq:14.00 tex:0 mv:0 misc:144 imb:0 pmb:0 smb:1200 d:- ref:0 ;
in:32 out:29 type:P dur:2 cpbdur:2 q:29.26 aq:19.79 tex:2306 mv:635 misc:259 imb:10 pmb:43 smb:1147 d:- ref:0 w:4,15,1 ;
in:30 out:30 type:B dur:2 cpbdur:2 q:29.26 aq:23.58 tex:123 mv:217 misc:196 imb:1 pmb:10 smb:1189 d:- ref:0 ;
in:29 out:31 type:b dur:2 cpbdur:2 q:29.26 aq:14.02 tex:103 mv:65 misc:160 imb:3 pmb:2 smb:1195 d:- ref:0 ;
in:31 out:32 type:b dur:2 cpbdur:2 q:29.26 aq:14.00 tex:1 mv:38 misc:153 imb:0 pmb:1 smb:1199 d:- ref:0 ;
in:36 out:33 type:P dur:2 cpbdur:2 q:29.26 aq:20.11 tex:2488 mv:697 misc:255 imb:10 pmb:45 smb:1145 d:- ref:0 w:6,59,1 ;
in:34 out:34 type:B dur:2 cpbdur:2 q:29.26 aq:20.70 tex:125 mv:333 misc:222 imb:1 pmb:19 smb:1180 d:- ref:0 ;
in:33 out:35 type:b dur:2 cpbdur:2 q:29.26 aq:14.00 tex:12 mv:113 misc:171 imb:0 pmb:10 smb:1190 d:- ref:0 ;
in:35 out:36 type:b dur:2 cpbdur:2 q:29.26 aq:14.00 tex:9 mv:145 misc:190 imb:0 pmb:9 smb:1191 d:- ref:0 ;
in:40 out:37 type:P dur:2 cpbdur:2 q:29.26 aq:12.99 tex:1948 mv:616 misc:236 imb:8 pmb:46 smb:1146 d:- ref:0 ;
in:38 out:38 type:B dur:2 cpbdur:2 q:29.26 aq:13.00 tex:16 mv:342 misc:250 imb:0 pmb:22 smb:1178 d:- ref:0 ;
in:37 out:39 type:b dur:2 cpbdur:2 q:29.26 aq:14.00 tex:13 mv:188 misc:191 imb:1 pmb:10 smb:1189 d:- ref:0 ;
in:39 out:40 type:b dur:2 cpbdur:2 q:29.26 aq:14.00 tex:15 mv:259 misc:206 imb:1 pmb:16 smb:1183 d:- ref:0 ;
in:44 out:41 type:P dur:2 cpbdur:2 q:29.26 aq:18.12 tex:2304 mv:695 misc:249 imb:12 pmb:45 smb:1143 d:- ref:0 ;
in:42 out:42 type:B dur:2 cpbdur:2 q:29.26 aq:24.97 tex:419 mv:470 misc:247 imb:0 pmb:29 smb:1171 d:- ref:0 ;
in:41 out:43 type:b dur:2 cpbdur:2 q:29.26 aq:14.00 tex:29 mv:332 misc:199 imb:4 pmb:17 smb:1179 d:- ref:0 ;
in:43 out:44 type:b dur:2 cpbdur:2 q:29.26 aq:22.81 tex:101 mv:266 misc:209 imb:1 pmb:17 smb:1182 d:- ref:0 ;
in:48 out:45 type:P dur:2 cpbdur:2 q:29.26 aq:20.20 tex:1739 mv:568 misc:253 imb:9 pmb:34 smb:1157 d:- ref:0 ;
in:46 out:46 type:B dur:2 cpbdur:2 q:29.26 aq:22.38 tex:206 mv:502 misc:244 imb:0 pmb:25 smb:1175 d:- ref:0 ;
in:45 out:47 type:b dur:2 cpbdur:2 q:29.26 aq:22.83 tex:54 mv:184 misc:210 imb:0 pmb:15 smb:1185 d:- ref:0 ;
in:47 out:48 type:b dur:2 cpbdur:2 q:29.26 aq:14.00 tex:11 mv:276 misc:209 imb:0 pmb:17 smb:1183 d:- ref:0 ;
in:52 out:49 type:P dur:2 cpbdur:2 q:29.26 aq:12.40 tex:2156 mv:578 misc:250 imb:12 pmb:36 smb:1152 d:- ref:0 ;
in:50 out:50 type:B dur:2 cpbdur:2 q:29.26 aq:15.67 tex:247 mv:474 misc:239 imb:1 pmb:31 smb:1168 d:- ref:0 ;
in:49 out:51 type:b dur:2 cpbdur:2 q:29.26 aq:14.00 tex:14 mv:297 misc:209 imb:0 pmb:20 smb:1180 d:- ref:0 ;
in:51 out:52 type:b dur:2 cpbdur:2 q:29.26 aq:20.23 tex:69 mv:337 misc:218 imb:2 pmb:21 smb:1177 d:- ref:0 ;
in:56 out:53 type:P dur:2 cpbdur:2 q:29.26 aq:19.92 tex:2004 mv:624 misc:252 imb:11 pmb:34 smb:1155 d:- ref:0 ;
in:54 out:54 type:B dur:2 cpbdur:2 q:29.26 aq:22.94 tex:225 mv:615 misc:248 imb:2 pmb:25 smb:1173 d:- ref:0 ;
in:53 out:55 type:b dur:2 cpbdur:2 q:29.26 aq:24.44 tex:123 mv:371 misc:218 imb:0 pmb:22 smb:1178 d:- ref:0 ;
in:55 out:56 type:b dur:2 cpbdur:2 q:29.26 aq:24.81 tex:129 mv:339 misc:212 imb:0 pmb:22 smb:1178 d:- ref:0 ;
in:60 out:57 type:P dur:2 cpbdur:2 q:29.26 aq:18.87 tex:2193 mv:636 misc:227 imb:24 pmb:33 smb:1143 d:- ref:0 ;
in:58 out:58 type:B dur:2 cpbdur:2 q:29.26 aq:23.95 tex:73 mv:649 misc:254 imb:1 pmb:36 smb:1163 d:- ref:0 ;
in:57 out:59 type:b dur:2 cpbdur:2 q:29.26 aq:14.02 tex:79 mv:246 misc:203 imb:2 pmb:15 smb:1183 d:- ref:0 ;
in:59 out:60 type:b dur:2 cpbdur:2 q:29.26 aq:22.00 tex:206 mv:375 misc:211 imb:1 pmb:22 smb:1177 d:- ref:0 ;
in:64 out:61 type:P dur:2 cpbdur:2 q:29.26 aq:11.86 tex:2428 mv:536 misc:252 imb:16 pmb:29 smb:1155 d:- ref:0 ;
in:62 out:62 type:B dur:2 cpbdur:2 q:29.26 aq:22.68 tex:211 mv:585 misc:236 imb:1 pmb:27 smb:1172 d:- ref:0 ;
in:61 out:63 type:b dur:2 cpbdur:2 q:29.26 aq:25.46 tex:91 mv:326 misc:215 imb:0 pmb:21 smb:1179 d:- ref:0 ;
in:63 out:64 type:b dur:2 cpbdur:2 q:29.26 aq:15.80 tex:120 mv:355 misc:205 imb:1 pmb:24 smb:1175 d:- ref:0 ;
in:68 out:65 type:P dur:2 cpbdur:2 q:29.26 aq:13.53 tex:1796 mv:690 misc:234 imb:12 pmb:42 smb:1146 d:- ref:0 ;
in:66 out:66 type:B dur:2 cpbdur:2 q:29.26 aq:23.47 tex:289 mv:455 misc:248 imb:0 pmb:29 smb:1171 d:- ref:0 ;
in:65 out:67 type:b dur:2 cpbdur:2 q:29.26 aq:14.00 tex:19 mv:291 misc:210 imb:2 pmb:19 smb:1179 d:- ref:0 ;
in:67 out:68 type:b dur:2 cpbdur:2 q:29.26 aq:14.00 tex:16 mv:278 misc:218 imb:0 pmb:19 smb:1181 d:- ref:0 ;
in:72 out:69 type:P dur:2 cpbdur:2 q:29.26 aq:17.81 tex:2064 mv:665 misc:239 imb:8 pmb:44 smb:1148 d:- ref:0 ;
in:70 out:70 type:B dur:2 cpbdur:2 q:29.26 aq:14.43 tex:310 mv:525 misc:245 imb:2 pmb:27 smb:1171 d:- ref:0 ;
in:69 out:71 type:b dur:2 cpbdur:2 q:29.26 aq:14.00 tex:15 mv:350 misc:227 imb:0 pmb:21 smb:1179 d:- ref:0 ;
in:71 out:72 type:b dur:2 cpbdur:2 q:29.26 aq:25.77 tex:122 mv:292 misc:202 imb:0 pmb:20 smb:1180 d:- ref:0 ;
in:76 out:73 type:P dur:2 cpbdur:2 q:29.26 aq:13.91 tex:1565 mv:658 misc:241 imb:4 pmb:45 smb:1151 d:- ref:0 ;
in:74 out:74 type:B dur:2 cpbdur:2 q:29.26 aq:21.69 tex:214 mv:501 misc:245 imb:0 pmb:31 smb:1169 d:- ref:0 ;
in:73 out:75 type:b dur:2 cpbdur:2 q:29.26 aq:20.26 tex:89 mv:320 misc:207 imb:0 pmb:20 smb:1180 d:- ref:0 ;
in:75 out:76 type:b dur:2 cpbdur:2 q:29.26 aq:14.00 tex:14 mv:213 misc:205 imb:0 pmb:15 smb:1185 d:- ref:0 ;
in:80 out:77 type:P dur:2 cpbdur:2 q:29.26 aq:21.24 tex:2053 mv:679 misc:228 imb:10 pmb:45 smb:1145 d:- ref:0 ;
in:78 out:78 type:B dur:2 cpbdur:2 q:29.26 aq:14.71 tex:237 mv:520 misc:235 imb:1 pmb:28 smb:1171 d:- ref:0 ;
in:77 out:79 type:b dur:2 cpbdur:2 q:29.26 aq:22.68 tex:80 mv:270 misc:202 imb:0 pmb:18 smb:1182 d:- ref:0 ;
in:79 out:80 type:b dur:2 cpbdur:2 q:29.26 aq:14.00 tex:14 mv:288 misc:194 imb:0 pmb:19 smb:1181 d:- ref:0 ;
in:84 out:81 type:P dur:2 cpbdur:2 q:29.26 aq:13.22 tex:1715 mv:670 misc:247 imb:5 pmb:50 smb:1145 d:- ref:0 ;
in:82 out:82 type:B dur:2 cpbdur:2 q:29.26 aq:13.60 tex:82 mv:415 misc:239 imb:1 pmb:27 smb:1172 d:- ref:0 ;
in:81 out:83 type:b dur:2 cpbdur:2 q:29.26 aq:14.00 tex:22 mv:250 misc:192 imb:4 pmb:12 smb:1184 d:- ref:0 ;
in:83 out:84 type:b dur:2 cpbdur:2 q:29.26 aq:22.00 tex:56 mv:120 misc:200 imb:0 pmb:12 smb:1188 d:- ref:0 ;
in:88 out:85 type:P dur:2 cpbdur:2 q:29.26 aq:21.28 tex:1772 mv:599 misc:245 imb:4 pmb:44 smb:1152 d:- ref:0 ;
in:86 out:86 type:B dur:2 cpbdur:2 q:29.26 aq:24.03 tex:136 mv:322 misc:238 imb:0 pmb:19 smb:1181 d:- ref:0 ;
in:85 out:87 type:b dur:2 cpbdur:2 q:29.26 aq:14.00 tex:14 mv:168 misc:194 imb:0 pmb:12 smb:1188 d:- ref:0 ;
in:87 out:88 type:b dur:2 cpbdur:2 q:29.26 aq:23.75 tex:91 mv:99 misc:162 imb:0 pmb:6 smb:1194 d:- ref:0 ;
in:92 out:89 type:P dur:2 cpbdur:2 q:29.26 aq:21.43 tex:1908 mv:582 misc:246 imb:4 pmb:43 smb:1153 d:- ref:0 ;
in:90 out:90 type:B dur:2 cpbdur:2 q:29.26 aq:21.86 tex:185 mv:194 misc:229 imb:0 pmb:16 smb:1184 d:- ref:0 ;
in:89 out:91 type:b dur:2 cpbdur:2 q:29.26 aq:14.00 tex:7 mv:91 misc:174 imb:0 pmb:7 smb:1193 d:- ref:0 ;
in:91 out:92 type:b dur:2 cpbdur:2 q:29.26 aq:14.00 tex:2 mv:30 misc:152 imb:0 pmb:1 smb:1199 d:- ref:0 ;
in:96 out:93 type:P dur:2 cpbdur:2 q:29.26 aq:21.71 tex:2459 mv:612 misc:249 imb:4 pmb:50 smb:1146 d:- ref:0 ;
in:94 out:94 type:B dur:2 cpbdur:2 q:29.26 aq:23.51 tex:272 mv:224 misc:232 imb:0 pmb:18 smb:1182 d:- ref:0 ;
in:93 out:95 type:b dur:2 cpbdur:2 q:29.26 aq:24.40 tex:135 mv:18 misc:159 imb:1 pmb:2 smb:1197 d:- ref:0 ;
in:95 out:96 type:b dur:2 cpbdur:2 q:29.26 aq:14.00 tex:0 mv:0 misc:144 imb:0 pmb:0 smb:1200 d:- ref:0 ;
in:100 out:97 type:P dur:2 cpbdur:2 q:29.26 aq:22.53 tex:2135 mv:632 misc:249 imb:4 pmb:52 smb:1144 d:- ref:0 ;
in:98 out:98 type:B dur:2 cpbdur:2 q:29.26 aq:23.48 tex:286 mv:273 misc:241 imb:1 pmb:18 smb:1181 d:- ref:0 ;
in:97 out:99 type:b dur:2 cpbdur:2 q:29.26 aq:14.00 tex:0 mv:0 misc:144 imb:0 pmb:0 smb:1200 d:- ref:0 ;
in:99 out:100 type:b dur:2 cpbdur:2 q:29.26 aq:14.00 tex:0 mv:0 misc:144 imb:0 pmb:0 smb:1200 d:- ref:0 ;
in:104 out:101 type:P dur:2 cpbdur:2 q:29.26 aq:21.07 tex:2847 mv:630 misc:243 imb:14 pmb:45 smb:1141 d:- ref:0 ;
in:102 out:102 type:B dur:2 cpbdur:2 q:29.26 aq:14.01 tex:420 mv:514 misc:258 imb:3 pmb:30 smb:1167 d:- ref:0 ;
in:101 out:103 type:b dur:2 cpbdur:2 q:29.26 aq:14.00 tex:5 mv:52 misc:175 imb:0 pmb:3 smb:1197 d:- ref:0 ;
in:103 out:104 type:b dur:2 cpbdur:2 q:29.26 aq:24.85 tex:59 mv:189 misc:192 imb:0 pmb:12 smb:1188 d:- ref:0 ;
in:108 out:105 type:P dur:2 cpbdur:2 q:29.26 aq:23.90 tex:3321 mv:765 misc:282 imb:22 pmb:42 smb:1136 d:- ref:0 w:7,117,1 ;
in:106 out:106 type:B dur:2 cpbdur:2 q:29.26 aq:23.88 tex:348 mv:785 misc:259 imb:1 pmb:46 smb:1153 d:- ref:0 ;
in:105 out:107 type:b dur:2 cpbdur:2 q:29.26 aq:14.00 tex:10 mv:218 misc:196 imb:0 pmb:11 smb:1189 d:- ref:0 ;
in:107 out:108 type:b dur:2 cpbdur:2 q:29.26 aq:21.21 tex:217 mv:285 misc:202 imb:1 pmb:24 smb:1175 d:- ref:0 ;
in:112 out:109 type:P dur:2 cpbdur:2 q:29.26 aq:24.27 tex:3324 mv:761 misc:227 imb:35 pmb:34 smb:1131 d:- ref:0 ;
in:110 out:110 type:B dur:2 cpbdur:2 q:29.26 aq:23.61 tex:565 mv:1044 misc:231 imb:4 pmb:55 smb:1141 d:- ref:0 ;
in:109 out:111 type:b dur:2 cpbdur:2 q:29.26 aq:23.40 tex:159 mv:521 misc:216 imb:1 pmb:27 smb:1172 d:- ref:0 ;
in:111 out:112 type:b dur:2 cpbdur:2 q:29.26 aq:24.01 tex:170 mv:457 misc:221 imb:3 pmb:28 smb:1169 d:- ref:0 ;
in:115 out:113 type:P dur:2 cpbdur:2 q:29.26 aq:16.53 tex:2989 mv:752 misc:243 imb:41 pmb:34 smb:1125 d:- ref:0 ;
in:113 out:114 type:B dur:2 cpbdur:2 q:29.26 aq:23.81 tex:674 mv:733 misc:249 imb:3 pmb:40 smb:1157 d:- ref:0 ;
in:114 out:115 type:b dur:2 cpbdur:2 q:29.26 aq:23.57 tex:386 mv:519 misc:255 imb:4 pmb:28 smb:1168 d:- ref:0 ;
in:116 out:116 type:P dur:2 cpbdur:2 q:29.26 aq:17.36 tex:2046 mv:627 misc:271 imb:23 pmb:39 smb:1138 d:- ref:0 ;
in:120 out:117 type:P dur:2 cpbdur:2 q:29.26 aq:21.75 tex:1773 mv:735 misc:284 imb:24 pmb:41 smb:1135 d:- ref:0 ;
in:118 out:118 type:B dur:2 cpbdur:2 q:29.26 aq:22.96 tex:648 mv:598 misc:258 imb:6 pmb:39 smb:1155 d:- ref:0 ;
in:117 out:119 type:b dur:2 cpbdur:2 q:29.26 aq:24.07 tex:221 mv:642 misc:241 imb:5 pmb:38 smb:1157 d:- ref:0 ;
in:119 out:120 type:b dur:2 cpbdur:2 q:29.26 aq:25.02 tex:266 mv:377 misc:253 imb:3 pmb:28 smb:1169 d:- ref:0 ;
in:121 out:121 type:I dur:2 cpbdur:2 q:26.35 aq:6.81 tex:4682 mv:1659 misc:387 imb:1200 pmb:0 smb:0 d:- ref:;
in:125 out:122 type:P dur:2 cpbdur:2 q:29.26 aq:19.18 tex:1648 mv:695 misc:257 imb:20 pmb:42 smb:1138 d:- ref:0 ;
in:123 out:123 type:B dur:2 cpbdur:2 q:29.26 aq:22.81 tex:123 mv:565 misc:232 imb:0 pmb:45 smb:1155 d:- ref:0 ;
in:122 out:124 type:b dur:2 cpbdur:2 q:29.26 aq:14.00 tex:22 mv:388 misc:246 imb:0 pmb:33 smb:1167 d:- ref:0 ;
in:124 out:125 type:b dur:2 cpbdur:2 q:29.26 aq:19.85 tex:92 mv:469 misc:239 imb:1 pmb:37 smb:1162 d:- ref:0 ;
in:129 out:126 type:P dur:2 cpbdur:2 q:29.26 aq:19.72 tex:1985 mv:765 misc:242 imb:25 pmb:41 smb:1134 d:- ref:0 ;
in:127 out:127 type:B dur:2 cpbdur:2 q:29.26 aq:18.53 tex:183 mv:549 misc:268 imb:1 pmb:41 smb:1158 d:- ref:0 ;
in:126 out:128 type:b dur:2 cpbdur:2 q:29.26 aq:14.00 tex:17 mv:362 misc:245 imb:0 pmb:30 smb:1170 d:- ref:0 ;
in:128 out:129 type:b dur:2 cpbdur:2 q:29.26 aq:24.03 tex:98 mv:388 misc:242 imb:0 pmb:29 smb:1171 d:- ref:0 ;
in:133 out:130 type:P dur:2 cpbdur:2 q:29.26 aq:15.37 tex:1699 mv:677 misc:256 imb:25 pmb:35 smb:1140 d:- ref:0 ;
in:131 out:131 type:B dur:2 cpbdur:2 q:29.26 aq:15.85 tex:247 mv:507 misc:270 imb:1 pmb:42 smb:1157 d:- ref:0 ;
in:130 out:132 type:b dur:2 cpbdur:2 q:29.26 aq:22.22 tex:87 mv:387 misc:254 imb:0 pmb:31 smb:1169 d:- ref:0 ;
in:132 out:133 type:b dur:2 cpbdur:2 q:29.26 aq:14.00 tex:24 mv:385 misc:231 imb:1 pmb:30 smb:1169 d:- ref:0 ;
in:137 out:134 type:P dur:2 cpbdur:2 q:29.26 aq:20.40 tex:1844 mv:693 misc:271 imb:15 pmb:41 smb:1144 d:- ref:0 ;
in:135 out:135 type:B dur:2 cpbdur:2 q:29.26 aq:21.99 tex:177 mv:643 misc:260 imb:0 pmb:49 smb:1151 d:- ref:0 ;
in:134 out:136 type:b dur:2 cpbdur:2 q:29.26 aq:20.63 tex:71 mv:442 misc:239 imb:0 pmb:36 smb:1164 d:- ref:0 ;
in:136 out:137 type:b dur:2 cpbdur:2 q:29.26 aq:14.00 tex:16 mv:440 misc:248 imb:0 pmb:35 smb:1165 d:- ref:0 ;
in:141 out:138 type:P dur:2 cpbdur:2 q:29.26 aq:18.82 tex:1726 mv:722 misc:256 imb:19 pmb:42 smb:1139 d:- ref:0 ;
in:139 out:139 type:B dur:2 cpbdur:2 q:29.26 aq:21.81 tex:207 mv:575 misc:266 imb:3 pmb:38 smb:1159 d:- ref:0 ;
in:138 out:140 type:b dur:2 cpbdur:2 q:29.26 aq:20.21 tex:140 mv:392 misc:244 imb:0 pmb:31 smb:1169 d:- ref:0 ;
in:140 out:141 type:b dur:2 cpbdur:2 q:29.26 aq:14.00 tex:18 mv:377 misc:237 imb:0 pmb:29 smb:1171 d:- ref:0 ;
in:145 out:142 type:P dur:2 cpbdur:2 q:29.26 aq:15.68 tex:1439 mv:703 misc:274 imb:20 pmb:40 smb:1140 d:- ref:0 ;
in:143 out:143 type:B dur:2 cpbdur:2 q:29.26 aq:19.23 tex:224 mv:581 misc:259 imb:0 pmb:47 smb:1153 d:- ref:0 ;
in:142 out:144 type:b dur:2 cpbdur:2 q:29.26 aq:19.67 tex:101 mv:482 misc:241 imb:0 pmb:38 smb:1162 d:- ref:0 ;
in:144 out:145 type:b dur:2 cpbdur:2 q:29.26 aq:25.50 tex:64 mv:383 misc:241 imb:0 pmb:35 smb:1165 d:- ref:0 ;
in:148 out:146 type:P dur:2 cpbdur:2 q:29.26 aq:15.61 tex:1337 mv:695 misc:256 imb:17 pmb:44 smb:1139 d:- ref:0 ;
in:146 out:147 type:B dur:2 cpbdur:2 q:29.26 aq:20.17 tex:94 mv:497 misc:273 imb:0 pmb:39 smb:1161 d:- ref:0 ;
in:147 out:148 type:b dur:2 cpbdur:2 q:29.26 aq:14.00 tex:14 mv:390 misc:228 imb:0 pmb:31 smb:1169 d:- ref:0 ;
in:151 out:149 type:P dur:2 cpbdur:2 q:29.26 aq:15.73 tex:1434 mv:644 misc:282 imb:13 pmb:41 smb:1146 d:- ref:0 ;
in:149 out:150 type:B dur:2 cpbdur:2 q:29.26 aq:24.32 tex:64 mv:449 misc:255 imb:0 pmb:34 smb:1166 d:- ref:0 ;
in:150 out:151 type:b dur:2 cpbdur:2 q:29.26 aq:23.47 tex:153 mv:354 misc:221 imb:0 pmb:30 smb:1170 d:- ref:0 ;
in:155 out:152 type:P dur:2 cpbdur:2 q:29.26 aq:22.01 tex:1807 mv:676 misc:237 imb:25 pmb:41 smb:1134 d:- ref:0 ;
in:153 out:153 type:B dur:2 cpbdur:2 q:29.26 aq:21.96 tex:327 mv:522 misc:255 imb:0 pmb:45 smb:1155 d:- ref:0 ;
in:152 out:154 type:b dur:2 cpbdur:2 q:29.26 aq:14.00 tex:18 mv:412 misc:226 imb:0 pmb:32 smb:1168 d:- ref:0 ;
in:154 out:155 type:b dur:2 cpbdur:2 q:29.26 aq:14.00 tex:16 mv:400 misc:240 imb:0 pmb:34 smb:1166 d:- ref:0 ;
in:158 out:156 type:P dur:2 cpbdur:2 q:29.26 aq:16.16 tex:1029 mv:501 misc:262 imb:13 pmb:34 smb:1153 d:- ref:0 ;
in:156 out:157 type:B dur:2 cpbdur:2 q:29.26 aq:20.66 tex:276 mv:410 misc:250 imb:0 pmb:36 smb:1164 d:- ref:0 ;
in:157 out:158 type:b dur:2 cpbdur:2 q:29.26 aq:14.00 tex:14 mv:257 misc:217 imb:0 pmb:23 smb:1177 d:- ref:0 ;
in:160 out:159 type:P dur:2 cpbdur:2 q:29.26 aq:15.36 tex:750 mv:433 misc:241 imb:11 pmb:34 smb:1155 d:- ref:0 ;
in:159 out:160 type:b dur:2 cpbdur:2 q:29.26 aq:19.20 tex:58 mv:333 misc:225 imb:0 pmb:25 smb:1175 d:- ref:0 ;
in:164 out:161 type:P dur:2 cpbdur:2 q:29.26 aq:19.81 tex:1054 mv:465 misc:217 imb:15 pmb:26 smb:1159 d:- ref:0 ;
in:162 out:162 type:B dur:2 cpbdur:2 q:29.26 aq:20.37 tex:139 mv:397 misc:216 imb:0 pmb:32 smb:1168 d:- ref:0 ;
in:161 out:163 type:b dur:2 cpbdur:2 q:29.26 aq:14.00 tex:15 mv:239 misc:210 imb:0 pmb:16 smb:1184 d:- ref:0 ;
in:163 out:164 type:b dur:2 cpbdur:2 q:29.26 aq:22.42 tex:86 mv:225 misc:193 imb:0 pmb:20 smb:1180 d:- ref:0 ;
in:167 out:165 type:P dur:2 cpbdur:2 q:29.26 aq:17.16 tex:427 mv:285 misc:232 imb:12 pmb:14 smb:1174 d:- ref:0 ;
in:165 out:166 type:B dur:2 cpbdur:2 q:29.26 aq:22.09 tex:254 mv:242 misc:216 imb:1 pmb:21 smb:1178 d:- ref:0 ;
in:166 out:167 type:b dur:2 cpbdur:2 q:29.26 aq:14.00 tex:15 mv:197 misc:188 imb:1 pmb:15 smb:1184 d:- ref:0 ;
