#options: 640x480 fps=24/1 timebase=1/24 bitdepth=8 cabac=1 ref=1 deblock=1:0:0 analyse=0x1:0 me=dia subme=2 psy=1 psy_rd=1.00:0.00 mixed_ref=0 me_range=16 chroma_me=1 trellis=0 8x8dct=0 cqm=0 deadzone=21,11 fast_pskip=1 chroma_qp_offset=0 threads=6 lookahead_threads=2 sliced_threads=0 nr=0 decimate=1 interlaced=0 bluray_compat=0 constrained_intra=0 bframes=3 b_pyramid=2 b_adapt=1 b_bias=0 direct=1 weightb=1 open_gop=0 weightp=2 keyint=250 keyint_min=24 scenecut=40 intra_refresh=0 rc_lookahead=40 rc=crf mbtree=1 crf=24.0 qcomp=0.60 qpmin=0 qpmax=69 qpstep=4 ip_ratio=1.40 aq=1:1.00
in:0 out:0 type:I dur:2 cpbdur:2 q:29.26 aq:11.84 tex:10199 mv:6116 misc:5861 imb:1200 pmb:0 smb:0 d:- ref:;
in:4 out:1 type:P dur:2 cpbdur:2 q:29.26 aq:14.53 tex:11904 mv:2390 misc:298 imb:199 pmb:91 smb:910 d:- ref:0 ;
in:2 out:2 type:B dur:2 cpbdur:2 q:29.26 aq:24.98 tex:3217 mv:3063 misc:424 imb:19 pmb:186 smb:995 d:- ref:0 ;
in:1 out:3 type:b dur:2 cpbdur:2 q:29.26 aq:14.00 tex:19 mv:62 misc:231 imb:1 pmb:13 smb:1186 d:- ref:0 ;
in:3 out:4 type:b dur:2 cpbdur:2 q:29.26 aq:21.61 tex:2766 mv:2904 misc:418 imb:18 pmb:178 smb:1004 d:- ref:0 ;
in:5 out:5 type:P dur:2 cpbdur:2 q:29.26 aq:14.45 tex:5662 mv:2488 misc:306 imb:191 pmb:159 smb:850 d:- ref:0 ;
in:6 out:6 type:P dur:2 cpbdur:2 q:29.26 aq:14.59 tex:5530 mv:2305 misc:365 imb:72 pmb:152 smb:976 d:- ref:0 ;
in:7 out:7 type:P dur:2 cpbdur:2 q:29.26 aq:19.78 tex:5960 mv:2673 misc:327 imb:159 pmb:182 smb:859 d:- ref:0 ;
in:11 out:8 type:P dur:2 cpbdur:2 q:29.26 aq:16.40 tex:15862 mv:2787 misc:319 imb:220 pmb:98 smb:882 d:- ref:0 ;
in:9 out:9 type:B dur:2 cpbdur:2 q:29.26 aq:24.61 tex:6013 mv:3766 misc:429 imb:57 pmb:185 smb:958 d:- ref:0 ;
in:8 out:10 type:b dur:2 cpbdur:2 q:29.26 aq:24.52 tex:2091 mv:2505 misc:444 imb:13 pmb:149 smb:1038 d:- ref:0 ;
in:10 out:11 type:b dur:2 cpbdur:2 q:29.26 aq:24.99 tex:1291 mv:2827 misc:514 imb:18 pmb:184 smb:998 d:- ref:0 ;
in:12 out:12 type:P dur:2 cpbdur:2 q:29.26 aq:15.65 tex:5843 mv:2863 misc:358 imb:132 pmb:203 smb:865 d:- ref:0 ;
in:13 out:13 type:P dur:2 cpbdur:2 q:29.26 aq:15.94 tex:6552 mv:2705 misc:423 imb:136 pmb:193 smb:871 d:- ref:0 ;
in:15 out:14 type:P dur:2 cpbdur:2 q:29.26 aq:15.88 tex:9748 mv:2771 misc:361 imb:188 pmb:136 smb:876 d:- ref:0 ;
in:14 out:15 type:b dur:2 cpbdur:2 q:29.26 aq:24.08 tex:870 mv:2382 misc:468 imb:19 pmb:166 smb:1015 d:- ref:0 ;
in:17 out:16 type:P dur:2 cpbdur:2 q:29.26 aq:16.53 tex:7933 mv:2549 misc:326 imb:150 pmb:143 smb:907 d:- ref:0 ;
in:16 out:17 type:b dur:2 cpbdur:2 q:29.26 aq:28.04 tex:853 mv:2121 misc:450 imb:8 pmb:152 smb:1040 d:- ref:0 ;
in:18 out:18 type:P dur:2 cpbdur:2 q:29.26 aq:16.18 tex:4021 mv:2043 misc:336 imb:74 pmb:162 smb:964 d:- ref:0 ;
in:19 out:19 type:P dur:2 cpbdur:2 q:29.26 aq:21.88 tex:4516 mv:1923 misc:329 imb:59 pmb:147 smb:994 d:- ref:0 ;
in:20 out:20 type:P dur:2 cpbdur:2 q:29.26 aq:13.85 tex:4168 mv:1826 misc:326 imb:58 pmb:142 smb:1000 d:- ref:0 ;
in:21 out:21 type:P dur:2 cpbdur:2 q:29.26 aq:21.06 tex:4266 mv:1685 misc:345 imb:46 pmb:136 smb:1018 d:- ref:0 ;
in:22 out:22 type:P dur:2 cpbdur:2 q:29.26 aq:22.75 tex:4197 mv:1693 misc:318 imb:56 pmb:142 smb:1002 d:- ref:0 ;
in:24 out:23 type:P dur:2 cpbdur:2 q:29.26 aq:21.46 tex:5199 mv:1777 misc:288 imb:52 pmb:127 smb:1021 d:- ref:0 ;
in:23 out:24 type:b dur:2 cpbdur:2 q:29.26 aq:19.41 tex:128 mv:998 misc:354 imb:2 pmb:77 smb:1121 d:- ref:0 ;
in:26 out:25 type:P dur:2 cpbdur:2 q:29.26 aq:21.63 tex:4596 mv:1615 misc:341 imb:48 pmb:120 smb:1032 d:- ref:0 ;
in:25 out:26 type:b dur:2 cpbdur:2 q:29.26 aq:21.38 tex:150 mv:1119 misc:339 imb:2 pmb:76 smb:1122 d:- ref:0 ;
in:30 out:27 type:P dur:2 cpbdur:2 q:29.26 aq:21.15 tex:6539 mv:1628 misc:273 imb:54 pmb:106 smb:1040 d:- ref:0 ;
in:28 out:28 type:B dur:2 cpbdur:2 q:29.26 aq:14.71 tex:448 mv:1767 misc:353 imb:5 pmb:106 smb:1089 d:- ref:0 ;
in:27 out:29 type:b dur:2 cpbdur:2 q:29.26 aq:25.85 tex:189 mv:881 misc:322 imb:0 pmb:67 smb:1133 d:- ref:0 ;
in:29 out:30 type:b dur:2 cpbdur:2 q:29.26 aq:22.84 tex:246 mv:871 misc:339 imb:0 pmb:69 smb:1131 d:- ref:0 ;
in:32 out:31 type:P dur:2 cpbdur:2 q:29.26 aq:15.70 tex:4400 mv:1304 misc:352 imb:18 pmb:99 smb:1083 d:- ref:0 ;
in:31 out:32 type:b dur:2 cpbdur:2 q:29.26 aq:24.74 tex:475 mv:1081 misc:308 imb:3 pmb:68 smb:1129 d:- ref:0 ;
in:36 out:33 type:P dur:2 cpbdur:2 q:29.26 aq:14.75 tex:7177 mv:1531 misc:268 imb:46 pmb:94 smb:1060 d:- ref:0 ;
in:34 out:34 type:B dur:2 cpbdur:2 q:29.26 aq:21.72 tex:1509 mv:1667 misc:304 imb:3 pmb:97 smb:1100 d:- ref:0 ;
in:33 out:35 type:b dur:2 cpbdur:2 q:29.26 aq:24.72 tex:391 mv:1057 misc:288 imb:1 pmb:66 smb:1133 d:- ref:0 ;
in:35 out:36 type:b dur:2 cpbdur:2 q:29.26 aq:23.01 tex:365 mv:894 misc:285 imb:3 pmb:53 smb:1144 d:- ref:0 ;
in:40 out:37 type:P dur:2 cpbdur:2 q:29.26 aq:14.32 tex:6905 mv:1285 misc:282 imb:38 pmb:84 smb:1078 d:- ref:0 ;
in:38 out:38 type:B dur:2 cpbdur:2 q:29.26 aq:23.58 tex:1613 mv:1278 misc:301 imb:3 pmb:85 smb:1112 d:- ref:0 ;
in:37 out:39 type:b dur:2 cpbdur:2 q:29.26 aq:24.05 tex:629 mv:1059 misc:288 imb:0 pmb:62 smb:1138 d:- ref:0 ;
in:39 out:40 type:b dur:2 cpbdur:2 q:29.26 aq:23.38 tex:361 mv:809 misc:262 imb:1 pmb:51 smb:1148 d:- ref:0 ;
in:44 out:41 type:P dur:2 cpbdur:2 q:29.26 aq:13.38 tex:6381 mv:1276 misc:279 imb:46 pmb:81 smb:1073 d:- ref:0 ;
in:42 out:42 type:B dur:2 cpbdur:2 q:29.26 aq:23.06 tex:1503 mv:1321 misc:320 imb:8 pmb:74 smb:1118 d:- ref:0 ;
in:41 out:43 type:b dur:2 cpbdur:2 q:29.26 aq:23.66 tex:480 mv:787 misc:269 imb:1 pmb:51 smb:1148 d:- ref:0 ;
in:43 out:44 type:b dur:2 cpbdur:2 q:29.26 aq:22.21 tex:336 mv:785 misc:271 imb:1 pmb:57 smb:1142 d:- ref:0 ;
in:48 out:45 type:P dur:2 cpbdur:2 q:29.26 aq:13.78 tex:6983 mv:1459 misc:294 imb:35 pmb:90 smb:1075 d:- ref:0 ;
in:46 out:46 type:B dur:2 cpbdur:2 q:29.26 aq:21.94 tex:1270 mv:1459 misc:327 imb:1 pmb:92 smb:1107 d:- ref:0 ;
in:45 out:47 type:b dur:2 cpbdur:2 q:29.26 aq:21.22 tex:321 mv:833 misc:294 imb:1 pmb:55 smb:1144 d:- ref:0 ;
in:47 out:48 type:b dur:2 cpbdur:2 q:29.26 aq:23.83 tex:313 mv:743 misc:280 imb:2 pmb:50 smb:1148 d:- ref:0 ;
in:52 out:49 type:P dur:2 cpbdur:2 q:29.26 aq:12.54 tex:6626 mv:1469 misc:305 imb:21 pmb:100 smb:1079 d:- ref:0 ;
in:50 out:50 type:B dur:2 cpbdur:2 q:29.26 aq:14.90 tex:761 mv:1415 misc:352 imb:2 pmb:87 smb:1111 d:- ref:0 ;
in:49 out:51 type:b dur:2 cpbdur:2 q:29.26 aq:22.04 tex:321 mv:728 misc:279 imb:1 pmb:51 smb:1148 d:- ref:0 ;
in:51 out:52 type:b dur:2 cpbdur:2 q:29.26 aq:20.02 tex:170 mv:699 misc:283 imb:1 pmb:50 smb:1149 d:- ref:0 ;
in:56 out:53 type:P dur:2 cpbdur:2 q:29.26 aq:16.56 tex:6308 mv:1410 misc:274 imb:26 pmb:104 smb:1070 d:- ref:0 ;
in:54 out:54 type:B dur:2 cpbdur:2 q:29.26 aq:22.40 tex:824 mv:1253 misc:315 imb:3 pmb:81 smb:1116 d:- ref:0 ;
in:53 out:55 type:b dur:2 cpbdur:2 q:29.26 aq:22.25 tex:179 mv:670 misc:295 imb:0 pmb:49 smb:1151 d:- ref:0 ;
in:55 out:56 type:b dur:2 cpbdur:2 q:29.26 aq:24.50 tex:262 mv:552 misc:290 imb:0 pmb:45 smb:1155 d:- ref:0 ;
in:60 out:57 type:P dur:2 cpbdur:2 q:29.26 aq:17.15 tex:5639 mv:1383 misc:290 imb:22 pmb:97 smb:1081 d:- ref:0 ;
in:58 out:58 type:B dur:2 cpbdur:2 q:29.26 aq:21.71 tex:1106 mv:1053 misc:305 imb:1 pmb:70 smb:1129 d:- ref:0 ;
in:57 out:59 type:b dur:2 cpbdur:2 q:29.26 aq:18.66 tex:230 mv:594 misc:280 imb:1 pmb:40 smb:1159 d:- ref:0 ;
in:59 out:60 type:b dur:2 cpbdur:2 q:29.26 aq:18.46 tex:550 mv:645 misc:277 imb:4 pmb:44 smb:1152 d:- ref:0 ;
in:64 out:61 type:P dur:2 cpbdur:2 q:29.26 aq:18.42 tex:6812 mv:1373 misc:287 imb:35 pmb:97 smb:1068 d:- ref:0 ;
in:62 out:62 type:B dur:2 cpbdur:2 q:29.26 aq:17.07 tex:1055 mv:1079 misc:322 imb:2 pmb:71 smb:1127 d:- ref:0 ;
in:61 out:63 type:b dur:2 cpbdur:2 q:29.26 aq:17.42 tex:567 mv:650 misc:255 imb:2 pmb:42 smb:1156 d:- ref:0 ;
in:63 out:64 type:b dur:2 cpbdur:2 q:29.26 aq:19.34 tex:418 mv:595 misc:275 imb:2 pmb:38 smb:1160 d:- ref:0 ;
in:68 out:65 type:P dur:2 cpbdur:2 q:29.26 aq:13.22 tex:4778 mv:1338 misc:332 imb:22 pmb:100 smb:1078 d:- ref:0 ;
in:66 out:66 type:B dur:2 cpbdur:2 q:29.26 aq:16.21 tex:386 mv:875 misc:299 imb:2 pmb:57 smb:1141 d:- ref:0 ;
in:65 out:67 type:b dur:2 cpbdur:2 q:29.26 aq:14.97 tex:125 mv:399 misc:252 imb:2 pmb:26 smb:1172 d:- ref:0 ;
in:67 out:68 type:b dur:2 cpbdur:2 q:29.26 aq:15.52 tex:82 mv:369 misc:253 imb:1 pmb:25 smb:1174 d:- ref:0 ;
in:72 out:69 type:P dur:2 cpbdur:2 q:29.26 aq:17.31 tex:3841 mv:1307 misc:340 imb:11 pmb:112 smb:1077 d:- ref:0 ;
in:70 out:70 type:B dur:2 cpbdur:2 q:29.26 aq:19.27 tex:256 mv:710 misc:330 imb:2 pmb:49 smb:1149 d:- ref:0 ;
in:69 out:71 type:b dur:2 cpbdur:2 q:29.26 aq:22.75 tex:119 mv:260 misc:229 imb:1 pmb:16 smb:1183 d:- ref:0 ;
in:71 out:72 type:b dur:2 cpbdur:2 q:29.26 aq:22.23 tex:138 mv:265 misc:229 imb:0 pmb:18 smb:1182 d:- ref:0 ;
in:76 out:73 type:P dur:2 cpbdur:2 q:29.26 aq:12.61 tex:4417 mv:1320 misc:359 imb:22 pmb:111 smb:1067 d:- ref:0 ;
in:74 out:74 type:B dur:2 cpbdur:2 q:29.26 aq:22.17 tex:491 mv:683 misc:298 imb:1 pmb:50 smb:1149 d:- ref:0 ;
in:73 out:75 type:b dur:2 cpbdur:2 q:29.26 aq:20.91 tex:229 mv:292 misc:215 imb:1 pmb:19 smb:1180 d:- ref:0 ;
in:75 out:76 type:b dur:2 cpbdur:2 q:29.26 aq:14.00 tex:16 mv:347 misc:237 imb:0 pmb:24 smb:1176 d:- ref:0 ;
in:80 out:77 type:P dur:2 cpbdur:2 q:29.26 aq:19.44 tex:4441 mv:1239 misc:368 imb:22 pmb:103 smb:1075 d:- ref:0 ;
in:78 out:78 type:B dur:2 cpbdur:2 q:29.26 aq:22.22 tex:560 mv:806 misc:322 imb:1 pmb:53 smb:1146 d:- ref:0 ;
in:77 out:79 type:b dur:2 cpbdur:2 q:29.26 aq:21.90 tex:136 mv:295 misc:217 imb:1 pmb:16 smb:1183 d:- ref:0 ;
in:79 out:80 type:b dur:2 cpbdur:2 q:29.26 aq:22.12 tex:63 mv:312 misc:217 imb:0 pmb:22 smb:1178 d:- ref:0 ;
in:84 out:81 type:P dur:2 cpbdur:2 q:29.26 aq:12.25 tex:4683 mv:1624 misc:349 imb:59 pmb:122 smb:1019 d:- ref:0 ;
in:82 out:82 type:B dur:2 cpbdur:2 q:29.26 aq:22.35 tex:449 mv:1037 misc:362 imb:0 pmb:72 smb:1128 d:- ref:0 ;
in:81 out:83 type:b dur:2 cpbdur:2 q:29.26 aq:14.00 tex:18 mv:273 misc:213 imb:0 pmb:18 smb:1182 d:- ref:0 ;
in:83 out:84 type:b dur:2 cpbdur:2 q:29.26 aq:20.72 tex:85 mv:341 misc:246 imb:0 pmb:25 smb:1175 d:- ref:0 ;
in:88 out:85 type:P dur:2 cpbdur:2 q:29.26 aq:20.52 tex:4993 mv:1644 misc:307 imb:42 pmb:114 smb:1044 d:- ref:0 ;
in:86 out:86 type:B dur:2 cpbdur:2 q:29.26 aq:23.82 tex:352 mv:906 misc:334 imb:0 pmb:66 smb:1134 d:- ref:0 ;
in:85 out:87 type:b dur:2 cpbdur:2 q:29.26 aq:20.40 tex:128 mv:381 misc:251 imb:0 pmb:32 smb:1168 d:- ref:0 ;
in:87 out:88 type:b dur:2 cpbdur:2 q:29.26 aq:14.00 tex:20 mv:460 misc:272 imb:0 pmb:39 smb:1161 d:- ref:0 ;
in:92 out:89 type:P dur:2 cpbdur:2 q:29.26 aq:14.55 tex:6143 mv:1671 misc:290 imb:31 pmb:112 smb:1057 d:- ref:0 ;
in:90 out:90 type:B dur:2 cpbdur:2 q:29.26 aq:21.41 tex:493 mv:1229 misc:334 imb:4 pmb:79 smb:1117 d:- ref:0 ;
in:89 out:91 type:b dur:2 cpbdur:2 q:29.26 aq:17.42 tex:102 mv:589 misc:309 imb:1 pmb:42 smb:1157 d:- ref:0 ;
in:91 out:92 type:b dur:2 cpbdur:2 q:29.26 aq:17.05 tex:162 mv:586 misc:308 imb:2 pmb:48 smb:1150 d:- ref:0 ;
in:96 out:93 type:P dur:2 cpbdur:2 q:29.26 aq:18.29 tex:5653 mv:1656 misc:291 imb:31 pmb:109 smb:1060 d:- ref:0 ;
in:94 out:94 type:B dur:2 cpbdur:2 q:29.26 aq:16.10 tex:373 mv:1365 misc:358 imb:2 pmb:89 smb:1109 d:- ref:0 ;
in:93 out:95 type:b dur:2 cpbdur:2 q:29.26 aq:14.00 tex:21 mv:489 misc:282 imb:0 pmb:36 smb:1164 d:- ref:0 ;
in:95 out:96 type:b dur:2 cpbdur:2 q:29.26 aq:22.78 tex:136 mv:498 misc:278 imb:0 pmb:40 smb:1160 d:- ref:0 ;
in:100 out:97 type:P dur:2 cpbdur:2 q:29.26 aq:15.96 tex:4111 mv:1385 misc:264 imb:17 pmb:109 smb:1074 d:- ref:0 ;
in:98 out:98 type:B dur:2 cpbdur:2 q:29.26 aq:17.40 tex:245 mv:857 misc:346 imb:2 pmb:58 smb:1140 d:- ref:0 ;
in:97 out:99 type:b dur:2 cpbdur:2 q:29.26 aq:20.06 tex:67 mv:523 misc:290 imb:1 pmb:39 smb:1160 d:- ref:0 ;
in:99 out:100 type:b dur:2 cpbdur:2 q:29.26 aq:14.00 tex:19 mv:482 misc:283 imb:0 pmb:39 smb:1161 d:- ref:0 ;
in:104 out:101 type:P dur:2 cpbdur:2 q:29.26 aq:18.37 tex:4333 mv:1412 misc:303 imb:23 pmb:103 smb:1074 d:- ref:0 ;
in:102 out:102 type:B dur:2 cpbdur:2 q:29.26 aq:21.67 tex:389 mv:974 misc:381 imb:4 pmb:71 smb:1125 d:- ref:0 ;
in:101 out:103 type:b dur:2 cpbdur:2 q:29.26 aq:14.95 tex:98 mv:551 misc:319 imb:5 pmb:40 smb:1155 d:- ref:0 ;
in:103 out:104 type:b dur:2 cpbdur:2 q:29.26 aq:22.74 tex:162 mv:621 misc:321 imb:1 pmb:51 smb:1148 d:- ref:0 ;
in:106 out:105 type:P dur:2 cpbdur:2 q:29.26 aq:17.07 tex:3411 mv:1363 misc:314 imb:22 pmb:110 smb:1068 d:- ref:0 ;
in:105 out:106 type:b dur:2 cpbdur:2 q:29.26 aq:18.89 tex:196 mv:806 misc:294 imb:2 pmb:55 smb:1143 d:- ref:0 ;
in:108 out:107 type:P dur:2 cpbdur:2 q:29.26 aq:15.89 tex:4158 mv:1520 misc:322 imb:47 pmb:114 smb:1039 d:- ref:0 ;
in:107 out:108 type:b dur:2 cpbdur:2 q:29.26 aq:17.27 tex:283 mv:846 misc:327 imb:1 pmb:68 smb:1131 d:- ref:0 ;
in:110 out:109 type:P dur:2 cpbdur:2 q:29.26 aq:18.36 tex:5852 mv:1741 misc:287 imb:38 pmb:118 smb:1044 d:- ref:0 ;
in:109 out:110 type:b dur:2 cpbdur:2 q:29.26 aq:25.11 tex:483 mv:1142 misc:351 imb:5 pmb:80 smb:1115 d:- ref:0 ;
in:112 out:111 type:P dur:2 cpbdur:2 q:29.26 aq:16.77 tex:6702 mv:2007 misc:291 imb:55 pmb:123 smb:1022 d:- ref:0 ;
in:111 out:112 type:b dur:2 cpbdur:2 q:29.26 aq:25.80 tex:432 mv:1433 misc:391 imb:3 pmb:93 smb:1104 d:- ref:0 ;
in:113 out:113 type:P dur:2 cpbdur:2 q:29.26 aq:16.97 tex:4915 mv:1649 misc:332 imb:25 pmb:130 smb:1045 d:- ref:0 ;
in:117 out:114 type:P dur:2 cpbdur:2 q:29.26 aq:19.53 tex:17408 mv:1714 misc:270 imb:214 pmb:42 smb:944 d:- ref:0 ;
in:115 out:115 type:B dur:2 cpbdur:2 q:29.26 aq:17.42 tex:5714 mv:3246 misc:384 imb:25 pmb:155 smb:1020 d:- ref:0 ;
in:114 out:116 type:b dur:2 cpbdur:2 q:29.26 aq:18.37 tex:1458 mv:2172 misc:402 imb:15 pmb:122 smb:1063 d:- ref:0 ;
in:116 out:117 type:b dur:2 cpbdur:2 q:29.26 aq:19.35 tex:2003 mv:2328 misc:389 imb:14 pmb:124 smb:1062 d:- ref:0 ;
in:119 out:118 type:P dur:2 cpbdur:2 q:29.26 aq:19.51 tex:9409 mv:2095 misc:304 imb:86 pmb:104 smb:1010 d:- ref:0 ;
in:118 out:119 type:b dur:2 cpbdur:2 q:29.26 aq:28.52 tex:3132 mv:2468 misc:376 imb:13 pmb:148 smb:1039 d:- ref:0 ;
